<?xml version="1.0" encoding="UTF-8"?>
<testng-results skipped="1" failed="1" total="3" passed="1">
  <reporter-output>
  </reporter-output>
  <suite name="Default suite" duration-ms="102341" started-at="2015-09-27T07:42:11Z" finished-at="2015-09-27T07:43:53Z">
    <groups>
    </groups>
    <test name="Default test" duration-ms="102341" started-at="2015-09-27T07:42:11Z" finished-at="2015-09-27T07:43:53Z">
      <class name="com.appneta.selenium.testng.AppViewSmokeTest">
        <test-method status="PASS" signature="beforeClass()[pri:0, instance:com.appneta.selenium.testng.AppViewSmokeTest@1f4b9eaf]" name="beforeClass" is-config="true" duration-ms="8397" started-at="2015-09-27T00:42:11Z" finished-at="2015-09-27T00:42:19Z">
          <reporter-output>
          </reporter-output>
        </test-method> <!-- beforeClass -->
        <test-method status="PASS" signature="authenticationTest(java.lang.String, java.lang.String)[pri:0, instance:com.appneta.selenium.testng.AppViewSmokeTest@1f4b9eaf]" name="authenticationTest" duration-ms="15475" started-at="2015-09-27T00:42:19Z" data-provider="authenticationData" finished-at="2015-09-27T00:42:35Z">
          <params>
            <param index="0">
              <value>
                <![CDATA[testhouse@appneta.com]]>
              </value>
            </param>
            <param index="1">
              <value>
                <![CDATA[@ppN3ta!]]>
              </value>
            </param>
          </params>
          <reporter-output>
          </reporter-output>
        </test-method> <!-- authenticationTest -->
        <test-method status="FAIL" signature="webAppTest(java.lang.String, java.lang.String, java.lang.String, java.lang.String, java.lang.String, java.lang.String)[pri:0, instance:com.appneta.selenium.testng.AppViewSmokeTest@1f4b9eaf]" name="webAppTest" duration-ms="76758" started-at="2015-09-27T00:42:35Z" data-provider="webAppData" depends-on-methods="com.appneta.selenium.testng.AppViewSmokeTest.authenticationTest" finished-at="2015-09-27T00:43:52Z">
          <params>
            <param index="0">
              <value>
                <![CDATA[Google Apps]]>
              </value>
            </param>
            <param index="1">
              <value>
                <![CDATA[Google Apps]]>
              </value>
            </param>
            <param index="2">
              <value>
                <![CDATA[appUsername]]>
              </value>
            </param>
            <param index="3">
              <value>
                <![CDATA[appPassword]]>
              </value>
            </param>
            <param index="4">
              <value>
                <![CDATA[appEmail]]>
              </value>
            </param>
            <param index="5">
              <value>
                <![CDATA[appEmailPassword]]>
              </value>
            </param>
          </params>
          <exception class="java.lang.NullPointerException">
            <full-stacktrace>
              <![CDATA[java.lang.NullPointerException
	at com.appneta.selenium.pagemodels.PageElement.isVisible(PageElement.java:33)
	at com.appneta.selenium.pagemodels.PageModel.clickRemindMe(PageModel.java:41)
	at com.appneta.selenium.pagemodels.WebApplicationsPageModel.loadPage(WebApplicationsPageModel.java:27)
	at com.appneta.selenium.testng.AppViewSmokeTest.webAppTest(AppViewSmokeTest.java:62)
	at sun.reflect.NativeMethodAccessorImpl.invoke0(Native Method)
	at sun.reflect.NativeMethodAccessorImpl.invoke(Unknown Source)
	at sun.reflect.DelegatingMethodAccessorImpl.invoke(Unknown Source)
	at java.lang.reflect.Method.invoke(Unknown Source)
	at org.testng.internal.MethodInvocationHelper.invokeMethod(MethodInvocationHelper.java:84)
	at org.testng.internal.Invoker.invokeMethod(Invoker.java:714)
	at org.testng.internal.Invoker.invokeTestMethod(Invoker.java:901)
	at org.testng.internal.Invoker.invokeTestMethods(Invoker.java:1231)
	at org.testng.internal.TestMethodWorker.invokeTestMethods(TestMethodWorker.java:127)
	at org.testng.internal.TestMethodWorker.run(TestMethodWorker.java:111)
	at org.testng.TestRunner.privateRun(TestRunner.java:767)
	at org.testng.TestRunner.run(TestRunner.java:617)
	at org.testng.SuiteRunner.runTest(SuiteRunner.java:334)
	at org.testng.SuiteRunner.runSequentially(SuiteRunner.java:329)
	at org.testng.SuiteRunner.privateRun(SuiteRunner.java:291)
	at org.testng.SuiteRunner.run(SuiteRunner.java:240)
	at org.testng.SuiteRunnerWorker.runSuite(SuiteRunnerWorker.java:52)
	at org.testng.SuiteRunnerWorker.run(SuiteRunnerWorker.java:86)
	at org.testng.TestNG.runSuitesSequentially(TestNG.java:1224)
	at org.testng.TestNG.runSuitesLocally(TestNG.java:1149)
	at org.testng.TestNG.run(TestNG.java:1057)
	at org.testng.remote.RemoteTestNG.run(RemoteTestNG.java:111)
	at org.testng.remote.RemoteTestNG.initAndRun(RemoteTestNG.java:204)
	at org.testng.remote.RemoteTestNG.main(RemoteTestNG.java:175)
]]>
            </full-stacktrace>
          </exception> <!-- java.lang.NullPointerException -->
          <reporter-output>
          </reporter-output>
        </test-method> <!-- webAppTest -->
        <test-method status="SKIP" signature="webDashboardTest()[pri:0, instance:com.appneta.selenium.testng.AppViewSmokeTest@1f4b9eaf]" name="webDashboardTest" duration-ms="1" started-at="2015-09-27T00:43:52Z" depends-on-methods="com.appneta.selenium.testng.AppViewSmokeTest.webAppTest" finished-at="2015-09-27T00:43:52Z">
          <reporter-output>
          </reporter-output>
        </test-method> <!-- webDashboardTest -->
        <test-method status="PASS" signature="tearDown()[pri:0, instance:com.appneta.selenium.testng.AppViewSmokeTest@1f4b9eaf]" name="tearDown" is-config="true" duration-ms="1" started-at="2015-09-27T00:43:52Z" finished-at="2015-09-27T00:43:52Z">
          <reporter-output>
          </reporter-output>
        </test-method> <!-- tearDown -->
        <test-method status="PASS" signature="afterClass()[pri:0, instance:com.appneta.selenium.testng.AppViewSmokeTest@1f4b9eaf]" name="afterClass" is-config="true" duration-ms="1576" started-at="2015-09-27T00:43:52Z" finished-at="2015-09-27T00:43:53Z">
          <reporter-output>
          </reporter-output>
        </test-method> <!-- afterClass -->
      </class> <!-- com.appneta.selenium.testng.AppViewSmokeTest -->
    </test> <!-- Default test -->
  </suite> <!-- Default suite -->
</testng-results>
